Found crash: class java.lang.AssertionError - expected:<1> but was:<10>
Saved - testPop/failures/id_000000 random +crash
Found crash: class java.lang.AssertionError - expected:<1> but was:<10>
Saved - testPop/failures/id_000001 random +crash
